1 10 20
100 200 125
201 210 89
900 1000 174
10 1 20
10 10 7
8 8 4
1 1 1
1000 2000 182
1 1000 179
2 1000 179
3 1000 179
3001 4000 238
3001 4001 238
1000 5000 238
426141 571096 470
527716 631046 509
580087 647997 509
578325 969438 525
132094 194120 383
903080 164471 525
687914 767076 504
705760 194529 509
779148 424197 509
976401 64999 525
634624 516142 509
425767 735410 509
139049 82669 354
555516 383607 470
298618 47952 443
553667 780341 509
393405 607636 470
491220 604902 470
894627 713334 525
825243 111801 509
204027 769708 509
802584 345463 509
432025 237223 449
606499 819035 509
669887 888264 525
397224 611556 470
152282 532694 470
755556 362547 509
434896 344919 449
755259 541252 509
158125 91049 383
288817 444046 449
928008 476154 525
324278 705103 509
105776 968295 525
720843 196632 509
982767 990884 427
734182 66761 509
609275 959656 525
100350 209304 383
109121 257561 443
839008 308723 525
230203 744851 509
646264 415671 509
977774 872541 507
827496 453492 509
137673 545145 470
109238 29331 354
177941 625299 470
208806 388267 443
27904 318153 443
183452 584377 470
767625 438660 509
843018 349178 525
781310 946863 525
873859 5367 525
950028 486817 525
474849 387991 449
847440 354229 525
24098 419631 449
71910 996746 525
267594 645464 509
289322 59340 443
610614 663151 509
95338 592864 470
608068 752216 509
802802 260619 509
986042 236806 525
903415 539817 525
958835 607717 525
132929 418881 449
634101 358005 509
793935 470036 509
290773 142774 443
275207 533957 470
70736 462600 449
228322 340660 443
948778 50910 525
769995 784717 437
536095 958780 525
455128 985165 525
199019 305808 443
488882 956448 525
242267 804414 509
629717 805500 504
916750 650931 525
648404 467074 509
970583 583836 525
515990 530930 439
485643 357882 449
788545 313298 509
209762 468464 449
356547 38536 443
120826 627527 509
493748 41687 449
917259 875454 476
915259 69224 525
406040 190169 443
623099 939067 525
566100 610111 434
